<?xml version="1.0" encoding="UTF-8"?>
<!-- Generated by org.testng.reporters.JUnitReportReporter -->
<testsuite hostname="DESKTOP-JM5OS4J" failures="0" tests="1" name="testScripts.LOGIN_LOGOUT" time="28.613" errors="0" timestamp="25 Nov 2023 20:49:06 GMT">
  <testcase classname="testScripts.LOGIN_LOGOUT" name="testCase" time="28.613"/>
</testsuite> <!-- testScripts.LOGIN_LOGOUT -->
