<?xml version="1.0" encoding="UTF-8"?>
<!-- Generated by org.testng.reporters.JUnitReportReporter -->
<testsuite hostname="DESKTOP-JM5OS4J" failures="0" tests="1" name="testCases.LOGIN_LOGOUT" time="81.078" errors="0" timestamp="26 Nov 2023 05:19:45 GMT">
  <testcase classname="testCases.LOGIN_LOGOUT" name="testCase" time="81.078"/>
</testsuite> <!-- testCases.LOGIN_LOGOUT -->
