<?xml version="1.0" encoding="UTF-8"?>
<!-- Generated by org.testng.reporters.JUnitReportReporter -->
<testsuite hostname="DESKTOP-JM5OS4J" failures="0" tests="1" name="testScripts.TS_001_NEW_USER_FOR_REGISTRATION_TEST" time="143.094" errors="0" timestamp="3 Dec 2023 07:33:23 GMT">
  <testcase classname="testScripts.TS_001_NEW_USER_FOR_REGISTRATION_TEST" name="testCase" time="143.094"/>
</testsuite> <!-- testScripts.TS_001_NEW_USER_FOR_REGISTRATION_TEST -->
